#-----------------------------------------------------------
# Vivado v2020.1 (64-bit)
# SW Build 2902540 on Wed May 27 19:54:49 MDT 2020
# IP Build 2902112 on Wed May 27 22:43:36 MDT 2020
# Start of session at: Wed Dec 16 14:55:25 2020
# Process ID: 4860
# Current directory: D:/vivado-projects/elevator
# Command line: vivado.exe -gui_launcher_event rodinguilauncherevent1340 D:\vivado-projects\elevator\elevator.xpr
# Log file: D:/vivado-projects/elevator/vivado.log
# Journal file: D:/vivado-projects/elevator\vivado.jou
#-----------------------------------------------------------
start_gui
open_project D:/vivado-projects/elevator/elevator.xpr
INFO: [Project 1-313] Project file moved from 'D:/vivado-projects/test' since last save.
CRITICAL WARNING: [Project 1-311] Could not find the file 'D:/vivado-projects/elevator/elevator.srcs/sources_1/new/button_debounce.v', nor could it be found using path 'D:/vivado-projects/test/test.srcs/sources_1/new/button_debounce.v'.
CRITICAL WARNING: [Project 1-311] Could not find the file 'D:/vivado-projects/elevator/elevator.srcs/sources_1/new/display.v', nor could it be found using path 'D:/vivado-projects/test/test.srcs/sources_1/new/display.v'.
CRITICAL WARNING: [Project 1-311] Could not find the file 'D:/vivado-projects/elevator/elevator.srcs/sources_1/new/div_clk_1hz.v', nor could it be found using path 'D:/vivado-projects/test/test.srcs/sources_1/new/div_clk_1hz.v'.
CRITICAL WARNING: [Project 1-311] Could not find the file 'D:/vivado-projects/elevator/elevator.srcs/sources_1/new/transfer.v', nor could it be found using path 'D:/vivado-projects/test/test.srcs/sources_1/new/transfer.v'.
CRITICAL WARNING: [Project 1-311] Could not find the file 'D:/vivado-projects/elevator/elevator.srcs/sources_1/new/button.v', nor could it be found using path 'D:/vivado-projects/test/test.srcs/sources_1/new/button.v'.
CRITICAL WARNING: [Project 1-311] Could not find the file 'D:/vivado-projects/elevator/elevator.srcs/sources_1/new/div_clk.v', nor could it be found using path 'D:/vivado-projects/test/test.srcs/sources_1/new/div_clk.v'.
CRITICAL WARNING: [Project 1-311] Could not find the file 'D:/vivado-projects/elevator/elevator.srcs/constrs_1/new/con_display.xdc', nor could it be found using path 'D:/vivado-projects/test/test.srcs/constrs_1/new/con_display.xdc'.
CRITICAL WARNING: [Project 1-311] Could not find the file 'D:/vivado-projects/elevator/elevator.srcs/constrs_1/new/con_btdebounce.xdc', nor could it be found using path 'D:/vivado-projects/test/test.srcs/constrs_1/new/con_btdebounce.xdc'.
CRITICAL WARNING: [Project 1-311] Could not find the file 'D:/vivado-projects/elevator/elevator.srcs/constrs_1/new/con_button.xdc', nor could it be found using path 'D:/vivado-projects/test/test.srcs/constrs_1/new/con_button.xdc'.
Scanning sources...
Finished scanning sources
WARNING: [Project 1-509] GeneratedRun file for 'synth_1' not found
WARNING: [Project 1-509] GeneratedRun file for 'impl_1' not found
WARNING: [filemgmt 56-2] Default IP Output Path : Could not find the directory 'D:/vivado-projects/elevator/elevator.srcs/sources_1', nor could it be found using path 'D:/vivado-projects/test/test.srcs/sources_1'.
WARNING: [filemgmt 56-2] IPUserFilesDir: Could not find the directory 'D:/vivado-projects/elevator/elevator.ip_user_files', nor could it be found using path 'D:/vivado-projects/test/test.ip_user_files'.
INFO: [IP_Flow 19-234] Refreshing IP repositories
INFO: [IP_Flow 19-1704] No user IP repositories specified
INFO: [IP_Flow 19-2313] Loaded Vivado IP repository 'D:/Vivado/2020.1/data/ip'.
update_compile_order -fileset sources_1
exit
INFO: [Common 17-206] Exiting Vivado at Wed Dec 16 14:55:58 2020...
