#-----------------------------------------------------------
# Vivado v2020.1 (64-bit)
# SW Build 2902540 on Wed May 27 19:54:49 MDT 2020
# IP Build 2902112 on Wed May 27 22:43:36 MDT 2020
# Start of session at: Wed Dec 16 14:54:12 2020
# Process ID: 13264
# Current directory: D:/vivado-projects/elevator
# Command line: vivado.exe -gui_launcher_event rodinguilauncherevent10408 D:\vivado-projects\elevator\test.xpr
# Log file: D:/vivado-projects/elevator/vivado.log
# Journal file: D:/vivado-projects/elevator\vivado.jou
#-----------------------------------------------------------
start_gui
open_project D:/vivado-projects/elevator/test.xpr
INFO: [Project 1-313] Project file moved from 'D:/vivado-projects/test' since last save.
Scanning sources...
Finished scanning sources
INFO: [IP_Flow 19-234] Refreshing IP repositories
INFO: [IP_Flow 19-1704] No user IP repositories specified
INFO: [IP_Flow 19-2313] Loaded Vivado IP repository 'D:/Vivado/2020.1/data/ip'.
open_project: Time (s): cpu = 00:00:12 ; elapsed = 00:00:05 . Memory (MB): peak = 1035.422 ; gain = 0.000
update_compile_order -fileset sources_1
exit
INFO: [Common 17-206] Exiting Vivado at Wed Dec 16 14:54:47 2020...
