#-----------------------------------------------------------
# Vivado v2020.1 (64-bit)
# SW Build 2902540 on Wed May 27 19:54:49 MDT 2020
# IP Build 2902112 on Wed May 27 22:43:36 MDT 2020
# Start of session at: Mon Dec 14 18:28:04 2020
# Process ID: 13052
# Current directory: D:/vivado-projects/test
# Command line: vivado.exe -gui_launcher_event rodinguilauncherevent1884 D:\vivado-projects\test\test.xpr
# Log file: D:/vivado-projects/test/vivado.log
# Journal file: D:/vivado-projects/test\vivado.jou
#-----------------------------------------------------------
start_gui
open_project D:/vivado-projects/test/test.xpr
Scanning sources...
Finished scanning sources
INFO: [IP_Flow 19-234] Refreshing IP repositories
INFO: [IP_Flow 19-1704] No user IP repositories specified
INFO: [IP_Flow 19-2313] Loaded Vivado IP repository 'D:/Vivado/2020.1/data/ip'.
open_project: Time (s): cpu = 00:00:16 ; elapsed = 00:00:09 . Memory (MB): peak = 1023.234 ; gain = 0.000
update_compile_order -fileset sources_1
exit
INFO: [Common 17-206] Exiting Vivado at Mon Dec 14 23:42:45 2020...
